<?xml version="1.0" encoding="UTF-8"?>
<testng-results skipped="0" failed="1" ignored="1" total="2" passed="0">
  <reporter-output>
  </reporter-output>
  <suite name="Default suite" duration-ms="11752" started-at="2023-05-26T23:26:20 IST" finished-at="2023-05-26T23:26:32 IST">
    <groups>
    </groups>
    <test name="Default test" duration-ms="11752" started-at="2023-05-26T23:26:20 IST" finished-at="2023-05-26T23:26:32 IST">
      <class name="com.progressTelerik.web.tests.dashboard.SearchFuncTests">
        <test-method status="PASS" signature="setup(java.lang.String)[pri:0, instance:com.progressTelerik.web.tests.dashboard.SearchFuncTests@ed7f8b4]" name="setup" is-config="true" duration-ms="6192" started-at="2023-05-26T23:26:20 IST" finished-at="2023-05-26T23:26:26 IST">
          <params>
            <param index="0">
              <value>
                <![CDATA[chrome]]>
              </value>
            </param>
          </params>
          <reporter-output>
          </reporter-output>
        </test-method> <!-- setup -->
        <test-method status="FAIL" signature="testSearchResults()[pri:0, instance:com.progressTelerik.web.tests.dashboard.SearchFuncTests@ed7f8b4]" name="testSearchResults" duration-ms="5191" started-at="2023-05-26T23:26:26 IST" finished-at="2023-05-26T23:26:32 IST">
          <exception class="java.lang.NullPointerException">
            <full-stacktrace>
              <![CDATA[java.lang.NullPointerException
at com.progressTelerik.web.tests.dashboard.SearchFuncTests.testSearchResults(SearchFuncTests.java:26)
at sun.reflect.NativeMethodAccessorImpl.invoke0(Native Method)
at sun.reflect.NativeMethodAccessorImpl.invoke(NativeMethodAccessorImpl.java:62)
at sun.reflect.DelegatingMethodAccessorImpl.invoke(DelegatingMethodAccessorImpl.java:43)
at java.lang.reflect.Method.invoke(Method.java:498)
at org.testng.internal.MethodInvocationHelper.invokeMethod(MethodInvocationHelper.java:133)
at org.testng.internal.TestInvoker.invokeMethod(TestInvoker.java:598)
at org.testng.internal.TestInvoker.invokeTestMethod(TestInvoker.java:173)
at org.testng.internal.MethodRunner.runInSequence(MethodRunner.java:46)
at org.testng.internal.TestInvoker$MethodInvocationAgent.invoke(TestInvoker.java:824)
at org.testng.internal.TestInvoker.invokeTestMethods(TestInvoker.java:146)
at org.testng.internal.TestMethodWorker.invokeTestMethods(TestMethodWorker.java:146)
at org.testng.internal.TestMethodWorker.run(TestMethodWorker.java:128)
at java.util.ArrayList.forEach(ArrayList.java:1259)
at org.testng.TestRunner.privateRun(TestRunner.java:794)
at org.testng.TestRunner.run(TestRunner.java:596)
at org.testng.SuiteRunner.runTest(SuiteRunner.java:377)
at org.testng.SuiteRunner.runSequentially(SuiteRunner.java:371)
at org.testng.SuiteRunner.privateRun(SuiteRunner.java:332)
at org.testng.SuiteRunner.run(SuiteRunner.java:276)
at org.testng.SuiteRunnerWorker.runSuite(SuiteRunnerWorker.java:53)
at org.testng.SuiteRunnerWorker.run(SuiteRunnerWorker.java:96)
at org.testng.TestNG.runSuitesSequentially(TestNG.java:1212)
at org.testng.TestNG.runSuitesLocally(TestNG.java:1134)
at org.testng.TestNG.runSuites(TestNG.java:1063)
at org.testng.TestNG.run(TestNG.java:1031)
at org.testng.remote.AbstractRemoteTestNG.run(AbstractRemoteTestNG.java:115)
at org.testng.remote.RemoteTestNG.initAndRun(RemoteTestNG.java:251)
at org.testng.remote.RemoteTestNG.main(RemoteTestNG.java:77)
]]>
            </full-stacktrace>
          </exception> <!-- java.lang.NullPointerException -->
          <reporter-output>
          </reporter-output>
        </test-method> <!-- testSearchResults -->
        <test-method status="PASS" signature="tearDown()[pri:0, instance:com.progressTelerik.web.tests.dashboard.SearchFuncTests@ed7f8b4]" name="tearDown" is-config="true" duration-ms="321" started-at="2023-05-26T23:26:32 IST" finished-at="2023-05-26T23:26:32 IST">
          <reporter-output>
          </reporter-output>
        </test-method> <!-- tearDown -->
      </class> <!-- com.progressTelerik.web.tests.dashboard.SearchFuncTests -->
    </test> <!-- Default test -->
  </suite> <!-- Default suite -->
</testng-results>
